[2021-11-21 01:38:40]	[done]
	build successfully !

[2021-11-21 02:43:38]	[done]
	build successfully !

[2021-11-21 03:02:10]	compilation failed at : "c:\Users\Jason\Desktop\eIDE\V4_FreeRTOS-F411\Core\Src\main.c", exit code: 1
  at unify_builder.Program.Main (System.String[] args) [0x01190] in <d55019557b4d40fcb0bf157239868dbe>:0 

[2021-11-21 03:02:43]	[done]
	build successfully !

[2021-11-21 03:05:41]	[done]
	build successfully !

[2021-11-21 03:08:08]	[done]
	build successfully !

[2021-11-21 03:20:22]	[done]
	build successfully !

[2021-11-21 03:21:23]	[done]
	build successfully !

[2021-11-21 03:25:31]	[done]
	build successfully !

[2021-11-21 12:29:55]	compilation failed at : "c:\Users\Jason\Desktop\WuhuTakeOff\SDK\V4_FreeRTOS-F411\APP\src\datafusion.c", exit code: 1
  at unify_builder.Program.Main (System.String[] args) [0x01190] in <d55019557b4d40fcb0bf157239868dbe>:0 

[2021-11-21 12:30:38]	[done]
	build successfully !

[2021-11-21 16:42:05]	compilation failed at : "c:\Users\Jason\Desktop\WuhuTakeOff\SDK\V4_FreeRTOS-F411\Core\Src\main.c", exit code: 1
  at unify_builder.Program.Main (System.String[] args) [0x01190] in <d55019557b4d40fcb0bf157239868dbe>:0 

[2021-11-21 16:42:52]	link failed !, exit code: 1
  at unify_builder.Program.Main (System.String[] args) [0x0130d] in <d55019557b4d40fcb0bf157239868dbe>:0 

[2021-11-21 16:43:22]	compilation failed at : "c:\Users\Jason\Desktop\WuhuTakeOff\SDK\V4_FreeRTOS-F411\APP\src\datafusion.c", exit code: 1
  at unify_builder.Program.Main (System.String[] args) [0x01190] in <d55019557b4d40fcb0bf157239868dbe>:0 

[2021-11-21 16:44:26]	compilation failed at : "c:\Users\Jason\Desktop\WuhuTakeOff\SDK\V4_FreeRTOS-F411\APP\src\datafusion.c", exit code: 1
  at unify_builder.Program.Main (System.String[] args) [0x01190] in <d55019557b4d40fcb0bf157239868dbe>:0 

[2021-11-21 16:44:43]	compilation failed at : "c:\Users\Jason\Desktop\WuhuTakeOff\SDK\V4_FreeRTOS-F411\APP\src\datafusion.c", exit code: 1
  at unify_builder.Program.Main (System.String[] args) [0x01190] in <d55019557b4d40fcb0bf157239868dbe>:0 

[2021-11-21 16:46:54]	compilation failed at : "c:\Users\Jason\Desktop\WuhuTakeOff\SDK\V4_FreeRTOS-F411\APP\src\datafusion.c", exit code: 1
  at unify_builder.Program.Main (System.String[] args) [0x01190] in <d55019557b4d40fcb0bf157239868dbe>:0 

[2021-11-21 16:47:31]	compilation failed at : "c:\Users\Jason\Desktop\WuhuTakeOff\SDK\V4_FreeRTOS-F411\APP\src\datafusion.c", exit code: 1
  at unify_builder.Program.Main (System.String[] args) [0x01190] in <d55019557b4d40fcb0bf157239868dbe>:0 

[2021-11-21 16:48:00]	compilation failed at : "c:\Users\Jason\Desktop\WuhuTakeOff\SDK\V4_FreeRTOS-F411\APP\src\datafusion.c", exit code: 1
  at unify_builder.Program.Main (System.String[] args) [0x01190] in <d55019557b4d40fcb0bf157239868dbe>:0 

[2021-11-21 16:49:37]	compilation failed at : "c:\Users\Jason\Desktop\WuhuTakeOff\SDK\V4_FreeRTOS-F411\APP\src\datafusion.c", exit code: 1
  at unify_builder.Program.Main (System.String[] args) [0x01190] in <d55019557b4d40fcb0bf157239868dbe>:0 

[2021-11-21 16:50:38]	compilation failed at : "c:\Users\Jason\Desktop\WuhuTakeOff\SDK\V4_FreeRTOS-F411\APP\src\datafusion.c", exit code: 1
  at unify_builder.Program.Main (System.String[] args) [0x01190] in <d55019557b4d40fcb0bf157239868dbe>:0 

[2021-11-21 16:55:32]	compilation failed at : "c:\Users\Jason\Desktop\WuhuTakeOff\SDK\V4_FreeRTOS-F411\APP\src\ANO.c", exit code: 1
  at unify_builder.Program.compileByMulThread (System.Int32 thrNum, unify_builder.CmdGenerator+CmdInfo[] cmds, System.Collections.Generic.List`1[T] doneList) [0x000e4] in <d55019557b4d40fcb0bf157239868dbe>:0 
  at unify_builder.Program.Main (System.String[] args) [0x0121c] in <d55019557b4d40fcb0bf157239868dbe>:0 

[2021-11-21 16:55:56]	compilation failed at : "c:\Users\Jason\Desktop\WuhuTakeOff\SDK\V4_FreeRTOS-F411\APP\src\ANO.c", exit code: 1
  at unify_builder.Program.compileByMulThread (System.Int32 thrNum, unify_builder.CmdGenerator+CmdInfo[] cmds, System.Collections.Generic.List`1[T] doneList) [0x000e4] in <d55019557b4d40fcb0bf157239868dbe>:0 
  at unify_builder.Program.Main (System.String[] args) [0x0121c] in <d55019557b4d40fcb0bf157239868dbe>:0 

[2021-11-21 17:03:37]	compilation failed at : "c:\Users\Jason\Desktop\WuhuTakeOff\SDK\V4_FreeRTOS-F411\APP\src\ANO.c", exit code: 1
  at unify_builder.Program.compileByMulThread (System.Int32 thrNum, unify_builder.CmdGenerator+CmdInfo[] cmds, System.Collections.Generic.List`1[T] doneList) [0x000e4] in <d55019557b4d40fcb0bf157239868dbe>:0 
  at unify_builder.Program.Main (System.String[] args) [0x0121c] in <d55019557b4d40fcb0bf157239868dbe>:0 

[2021-11-21 17:05:43]	compilation failed at : "c:\Users\Jason\Desktop\WuhuTakeOff\SDK\V4_FreeRTOS-F411\APP\src\ANO.c", exit code: 1
  at unify_builder.Program.compileByMulThread (System.Int32 thrNum, unify_builder.CmdGenerator+CmdInfo[] cmds, System.Collections.Generic.List`1[T] doneList) [0x000e4] in <d55019557b4d40fcb0bf157239868dbe>:0 
  at unify_builder.Program.Main (System.String[] args) [0x0121c] in <d55019557b4d40fcb0bf157239868dbe>:0 

[2021-11-21 17:05:54]	compilation failed at : "c:\Users\Jason\Desktop\WuhuTakeOff\SDK\V4_FreeRTOS-F411\APP\src\datafusion.c", exit code: 1
  at unify_builder.Program.compileByMulThread (System.Int32 thrNum, unify_builder.CmdGenerator+CmdInfo[] cmds, System.Collections.Generic.List`1[T] doneList) [0x000e4] in <d55019557b4d40fcb0bf157239868dbe>:0 
  at unify_builder.Program.Main (System.String[] args) [0x0121c] in <d55019557b4d40fcb0bf157239868dbe>:0 

[2021-11-21 17:08:28]	compilation failed at : "c:\Users\Jason\Desktop\WuhuTakeOff\SDK\V4_FreeRTOS-F411\Drivers\Hardware\src\gy-86.c", exit code: 1
  at unify_builder.Program.compileByMulThread (System.Int32 thrNum, unify_builder.CmdGenerator+CmdInfo[] cmds, System.Collections.Generic.List`1[T] doneList) [0x000e4] in <d55019557b4d40fcb0bf157239868dbe>:0 
  at unify_builder.Program.Main (System.String[] args) [0x0121c] in <d55019557b4d40fcb0bf157239868dbe>:0 

[2021-11-21 17:11:49]	[done]
	build successfully !

[2021-11-21 17:14:21]	[done]
	build successfully !

[2021-11-21 17:15:58]	[done]
	build successfully !

[2021-11-21 17:26:01]	[done]
	build successfully !

[2021-11-21 17:30:57]	[done]
	build successfully !

[2021-11-21 17:32:06]	[done]
	build successfully !

[2021-11-21 17:32:50]	[done]
	build successfully !

[2021-11-21 17:36:52]	[done]
	build successfully !

[2021-11-21 17:50:21]	[done]
	build successfully !

[2021-11-21 17:58:02]	[done]
	build successfully !

[2021-11-21 18:00:17]	[done]
	build successfully !

[2021-11-21 18:06:21]	[done]
	build successfully !

[2021-11-21 19:07:24]	[done]
	build successfully !

[2021-11-21 19:36:56]	[done]
	build successfully !

[2021-11-21 20:53:36]	[done]
	build successfully !

[2021-11-21 21:02:27]	compilation failed at : "c:\Users\Jason\Desktop\WuhuTakeOff\SDK\V4_FreeRTOS-F411\Core\Src\main.c", exit code: 1
  at unify_builder.Program.compileByMulThread (System.Int32 thrNum, unify_builder.CmdGenerator+CmdInfo[] cmds, System.Collections.Generic.List`1[T] doneList) [0x000e4] in <d55019557b4d40fcb0bf157239868dbe>:0 
  at unify_builder.Program.Main (System.String[] args) [0x0121c] in <d55019557b4d40fcb0bf157239868dbe>:0 

[2021-11-21 21:03:25]	compilation failed at : "c:\Users\Jason\Desktop\WuhuTakeOff\SDK\V4_FreeRTOS-F411\APP\src\datafusion.c", exit code: 1
  at unify_builder.Program.Main (System.String[] args) [0x01190] in <d55019557b4d40fcb0bf157239868dbe>:0 

[2021-11-21 21:04:19]	compilation failed at : "c:\Users\Jason\Desktop\WuhuTakeOff\SDK\V4_FreeRTOS-F411\APP\src\datafusion.c", exit code: 1
  at unify_builder.Program.Main (System.String[] args) [0x01190] in <d55019557b4d40fcb0bf157239868dbe>:0 

[2021-11-21 21:05:14]	compilation failed at : "c:\Users\Jason\Desktop\WuhuTakeOff\SDK\V4_FreeRTOS-F411\Core\Src\main.c", exit code: 1
  at unify_builder.Program.compileByMulThread (System.Int32 thrNum, unify_builder.CmdGenerator+CmdInfo[] cmds, System.Collections.Generic.List`1[T] doneList) [0x000e4] in <d55019557b4d40fcb0bf157239868dbe>:0 
  at unify_builder.Program.Main (System.String[] args) [0x0121c] in <d55019557b4d40fcb0bf157239868dbe>:0 

[2021-11-21 21:07:06]	compilation failed at : "c:\Users\Jason\Desktop\WuhuTakeOff\SDK\V4_FreeRTOS-F411\Core\Src\freertos.c", exit code: 1
  at unify_builder.Program.compileByMulThread (System.Int32 thrNum, unify_builder.CmdGenerator+CmdInfo[] cmds, System.Collections.Generic.List`1[T] doneList) [0x000e4] in <d55019557b4d40fcb0bf157239868dbe>:0 
  at unify_builder.Program.Main (System.String[] args) [0x0121c] in <d55019557b4d40fcb0bf157239868dbe>:0 

[2021-11-21 21:09:46]	compilation failed at : "c:\Users\Jason\Desktop\WuhuTakeOff\SDK\V4_FreeRTOS-F411\Core\Src\freertos.c", exit code: 1
  at unify_builder.Program.compileByMulThread (System.Int32 thrNum, unify_builder.CmdGenerator+CmdInfo[] cmds, System.Collections.Generic.List`1[T] doneList) [0x000e4] in <d55019557b4d40fcb0bf157239868dbe>:0 
  at unify_builder.Program.Main (System.String[] args) [0x0121c] in <d55019557b4d40fcb0bf157239868dbe>:0 

[2021-11-21 21:10:23]	compilation failed at : "c:\Users\Jason\Desktop\WuhuTakeOff\SDK\V4_FreeRTOS-F411\Core\Src\stm32f4xx_hal_msp.c", exit code: 1
  at unify_builder.Program.compileByMulThread (System.Int32 thrNum, unify_builder.CmdGenerator+CmdInfo[] cmds, System.Collections.Generic.List`1[T] doneList) [0x000e4] in <d55019557b4d40fcb0bf157239868dbe>:0 
  at unify_builder.Program.Main (System.String[] args) [0x0121c] in <d55019557b4d40fcb0bf157239868dbe>:0 

[2021-11-21 21:11:37]	compilation failed at : "c:\Users\Jason\Desktop\WuhuTakeOff\SDK\V4_FreeRTOS-F411\Core\Src\stm32f4xx_hal_msp.c", exit code: 1
  at unify_builder.Program.compileByMulThread (System.Int32 thrNum, unify_builder.CmdGenerator+CmdInfo[] cmds, System.Collections.Generic.List`1[T] doneList) [0x000e4] in <d55019557b4d40fcb0bf157239868dbe>:0 
  at unify_builder.Program.Main (System.String[] args) [0x0121c] in <d55019557b4d40fcb0bf157239868dbe>:0 

[2021-11-21 21:12:01]	compilation failed at : "c:\Users\Jason\Desktop\WuhuTakeOff\SDK\V4_FreeRTOS-F411\APP\src\datafusion.c", exit code: 1
  at unify_builder.Program.compileByMulThread (System.Int32 thrNum, unify_builder.CmdGenerator+CmdInfo[] cmds, System.Collections.Generic.List`1[T] doneList) [0x000e4] in <d55019557b4d40fcb0bf157239868dbe>:0 
  at unify_builder.Program.Main (System.String[] args) [0x0121c] in <d55019557b4d40fcb0bf157239868dbe>:0 

[2021-11-21 21:12:53]	compilation failed at : "c:\Users\Jason\Desktop\WuhuTakeOff\SDK\V4_FreeRTOS-F411\APP\src\datafusion.c", exit code: 1
  at unify_builder.Program.Main (System.String[] args) [0x01190] in <d55019557b4d40fcb0bf157239868dbe>:0 

[2021-11-21 21:13:20]	compilation failed at : "c:\Users\Jason\Desktop\WuhuTakeOff\SDK\V4_FreeRTOS-F411\APP\src\datafusion.c", exit code: 1
  at unify_builder.Program.compileByMulThread (System.Int32 thrNum, unify_builder.CmdGenerator+CmdInfo[] cmds, System.Collections.Generic.List`1[T] doneList) [0x000e4] in <d55019557b4d40fcb0bf157239868dbe>:0 
  at unify_builder.Program.Main (System.String[] args) [0x0121c] in <d55019557b4d40fcb0bf157239868dbe>:0 

[2021-11-21 21:59:07]	[done]
	build successfully !

[2021-11-21 23:02:07]	[done]
	build successfully !

[2021-11-22 00:17:17]	[done]
	build successfully !

[2021-11-22 00:21:12]	compilation failed at : "c:\Users\Jason\Desktop\WuhuTakeOff\SDK\V4_FreeRTOS-F411\Drivers\Hardware\src\controller.c", exit code: 1
  at unify_builder.Program.Main (System.String[] args) [0x01190] in <d55019557b4d40fcb0bf157239868dbe>:0 

[2021-11-22 00:21:42]	[done]
	build successfully !

[2021-11-22 00:22:36]	[done]
	build successfully !

[2021-11-22 00:40:07]	[done]
	build successfully !

[2021-11-22 00:41:33]	[done]
	build successfully !

[2021-11-22 16:57:41]	[done]
	build successfully !

[2021-11-22 17:02:57]	[done]
	build successfully !

[2021-11-22 18:51:42]	[done]
	build successfully !

[2021-11-22 19:37:12]	[done]
	build successfully !

[2021-11-22 19:41:56]	[done]
	build successfully !

[2021-11-22 19:43:31]	[done]
	build successfully !

[2021-11-22 21:50:55]	compilation failed at : "c:\Users\Jason\Desktop\WuhuTakeOff\SDK\V4_FreeRTOS-F411\APP\src\ANO.c", exit code: 1
  at unify_builder.Program.compileByMulThread (System.Int32 thrNum, unify_builder.CmdGenerator+CmdInfo[] cmds, System.Collections.Generic.List`1[T] doneList) [0x000e4] in <d55019557b4d40fcb0bf157239868dbe>:0 
  at unify_builder.Program.Main (System.String[] args) [0x0121c] in <d55019557b4d40fcb0bf157239868dbe>:0 

[2021-11-22 21:51:45]	[done]
	build successfully !

[2021-11-22 21:52:37]	compilation failed at : "c:\Users\Jason\Desktop\WuhuTakeOff\SDK\V4_FreeRTOS-F411\Core\Src\main.c", exit code: 1
  at unify_builder.Program.Main (System.String[] args) [0x01190] in <d55019557b4d40fcb0bf157239868dbe>:0 

[2021-11-22 21:53:57]	[done]
	build successfully !

[2021-11-22 22:34:47]	[done]
	build successfully !

[2021-11-22 23:07:11]	compilation failed at : "c:\Users\Jason\Desktop\WuhuTakeOff\SDK\V4_FreeRTOS-F411\APP\src\ANO.c", exit code: 1
  at unify_builder.Program.Main (System.String[] args) [0x01190] in <d55019557b4d40fcb0bf157239868dbe>:0 

[2021-11-22 23:07:28]	[done]
	build successfully !

[2021-11-23 19:25:21]	[done]
	build successfully !

[2021-11-23 19:25:57]	[done]
	build successfully !

[2021-11-23 19:38:35]	[done]
	build successfully !

[2021-11-23 19:39:47]	[done]
	build successfully !

[2021-11-23 19:43:04]	[done]
	build successfully !

[2021-11-23 19:47:55]	[done]
	build successfully !

[2021-11-23 20:03:59]	compilation failed at : "c:\Users\Jason\Desktop\WuhuTakeOff\SDK\V4_FreeRTOS-F411\Core\Src\main.c", exit code: 1
  at unify_builder.Program.Main (System.String[] args) [0x01190] in <d55019557b4d40fcb0bf157239868dbe>:0 

[2021-11-23 20:04:48]	[done]
	build successfully !

[2021-11-23 21:34:33]	compilation failed at : "c:\Users\Jason\Desktop\WuhuTakeOff\SDK\V4_FreeRTOS-F411\Drivers\Hardware\src\motor.c", exit code: 1
  at unify_builder.Program.compileByMulThread (System.Int32 thrNum, unify_builder.CmdGenerator+CmdInfo[] cmds, System.Collections.Generic.List`1[T] doneList) [0x000e4] in <d55019557b4d40fcb0bf157239868dbe>:0 
  at unify_builder.Program.Main (System.String[] args) [0x0121c] in <d55019557b4d40fcb0bf157239868dbe>:0 

[2021-11-23 21:36:32]	compilation failed at : "c:\Users\Jason\Desktop\WuhuTakeOff\SDK\V4_FreeRTOS-F411\Drivers\Hardware\src\motor.c", exit code: 1
  at unify_builder.Program.compileByMulThread (System.Int32 thrNum, unify_builder.CmdGenerator+CmdInfo[] cmds, System.Collections.Generic.List`1[T] doneList) [0x000e4] in <d55019557b4d40fcb0bf157239868dbe>:0 
  at unify_builder.Program.Main (System.String[] args) [0x0121c] in <d55019557b4d40fcb0bf157239868dbe>:0 

[2021-11-23 21:37:11]	compilation failed at : "c:\Users\Jason\Desktop\WuhuTakeOff\SDK\V4_FreeRTOS-F411\Drivers\Hardware\src\motor.c", exit code: 1
  at unify_builder.Program.compileByMulThread (System.Int32 thrNum, unify_builder.CmdGenerator+CmdInfo[] cmds, System.Collections.Generic.List`1[T] doneList) [0x000e4] in <d55019557b4d40fcb0bf157239868dbe>:0 
  at unify_builder.Program.Main (System.String[] args) [0x0121c] in <d55019557b4d40fcb0bf157239868dbe>:0 

[2021-11-23 21:38:19]	link failed !, exit code: 1
  at unify_builder.Program.Main (System.String[] args) [0x0130d] in <d55019557b4d40fcb0bf157239868dbe>:0 

[2021-11-23 21:39:07]	link failed !, exit code: 1
  at unify_builder.Program.Main (System.String[] args) [0x0130d] in <d55019557b4d40fcb0bf157239868dbe>:0 

[2021-11-23 21:40:02]	compilation failed at : "c:\Users\Jason\Desktop\WuhuTakeOff\SDK\V4_FreeRTOS-F411\APP\src\PID.c", exit code: 1
  at unify_builder.Program.compileByMulThread (System.Int32 thrNum, unify_builder.CmdGenerator+CmdInfo[] cmds, System.Collections.Generic.List`1[T] doneList) [0x000e4] in <d55019557b4d40fcb0bf157239868dbe>:0 
  at unify_builder.Program.Main (System.String[] args) [0x0121c] in <d55019557b4d40fcb0bf157239868dbe>:0 

[2021-11-23 21:42:09]	compilation failed at : "c:\Users\Jason\Desktop\WuhuTakeOff\SDK\V4_FreeRTOS-F411\APP\src\PID.c", exit code: 1
  at unify_builder.Program.compileByMulThread (System.Int32 thrNum, unify_builder.CmdGenerator+CmdInfo[] cmds, System.Collections.Generic.List`1[T] doneList) [0x000e4] in <d55019557b4d40fcb0bf157239868dbe>:0 
  at unify_builder.Program.Main (System.String[] args) [0x0121c] in <d55019557b4d40fcb0bf157239868dbe>:0 

[2021-11-23 21:42:58]	compilation failed at : "c:\Users\Jason\Desktop\WuhuTakeOff\SDK\V4_FreeRTOS-F411\APP\src\PID.c", exit code: 1
  at unify_builder.Program.Main (System.String[] args) [0x01190] in <d55019557b4d40fcb0bf157239868dbe>:0 

[2021-11-23 21:43:14]	link failed !, exit code: 1
  at unify_builder.Program.Main (System.String[] args) [0x0130d] in <d55019557b4d40fcb0bf157239868dbe>:0 

[2021-11-23 21:44:22]	compilation failed at : "c:\Users\Jason\Desktop\WuhuTakeOff\SDK\V4_FreeRTOS-F411\APP\src\PID.c", exit code: 1
  at unify_builder.Program.compileByMulThread (System.Int32 thrNum, unify_builder.CmdGenerator+CmdInfo[] cmds, System.Collections.Generic.List`1[T] doneList) [0x000e4] in <d55019557b4d40fcb0bf157239868dbe>:0 
  at unify_builder.Program.Main (System.String[] args) [0x0121c] in <d55019557b4d40fcb0bf157239868dbe>:0 

[2021-11-23 21:44:57]	link failed !, exit code: 1
  at unify_builder.Program.Main (System.String[] args) [0x0130d] in <d55019557b4d40fcb0bf157239868dbe>:0 

[2021-11-23 21:45:42]	[done]
	build successfully !

[2021-11-23 21:52:40]	[done]
	build successfully !

[2021-11-23 21:56:52]	[done]
	build successfully !

[2021-11-24 10:02:13]	link failed !, exit code: 1
  at unify_builder.Program.Main (System.String[] args) [0x0130d] in <d55019557b4d40fcb0bf157239868dbe>:0 

[2021-11-24 10:03:50]	[done]
	build successfully !

[2021-11-24 10:30:21]	link failed !, exit code: 1
  at unify_builder.Program.Main (System.String[] args) [0x0130d] in <d55019557b4d40fcb0bf157239868dbe>:0 

[2021-11-24 10:31:04]	link failed !, exit code: 1
  at unify_builder.Program.Main (System.String[] args) [0x0130d] in <d55019557b4d40fcb0bf157239868dbe>:0 

[2021-11-24 10:31:34]	[done]
	build successfully !

[2021-11-24 11:10:55]	[done]
	build successfully !

[2021-11-24 13:28:30]	[done]
	build successfully !

[2021-11-24 14:44:37]	[done]
	build successfully !

[2021-11-24 14:44:57]	[done]
	build successfully !

[2021-11-24 14:50:38]	[done]
	build successfully !

[2021-11-24 14:55:17]	[done]
	build successfully !

[2021-11-24 14:57:13]	[done]
	build successfully !

[2021-11-24 16:17:06]	[done]
	build successfully !

[2021-11-24 16:17:26]	[done]
	build successfully !

[2021-11-24 16:17:39]	[done]
	build successfully !

[2021-11-24 16:20:00]	[done]
	build successfully !

[2021-11-25 16:00:14]	[done]
	build successfully !

[2021-11-26 12:02:57]	[done]
	build successfully !

[2021-11-26 13:18:41]	[done]
	build successfully !

[2021-11-26 13:26:30]	[done]
	build successfully !

[2021-11-26 13:26:40]	[done]
	build successfully !

[2021-11-26 13:28:18]	[done]
	build successfully !

[2021-11-26 13:32:28]	[done]
	build successfully !

[2021-11-26 13:36:41]	[done]
	build successfully !

[2021-11-26 15:12:14]	[done]
	build successfully !

[2021-11-28 19:48:31]	compilation failed at : "c:\Users\Jason\Desktop\工程\WuhuTakeOff\SDK\V4_FreeRTOS-F411\Drivers\Hardware\src\gy-86.c", exit code: 1
  at unify_builder.Program.compileByMulThread (System.Int32 thrNum, unify_builder.CmdGenerator+CmdInfo[] cmds, System.Collections.Generic.List`1[T] doneList) [0x000e4] in <d55019557b4d40fcb0bf157239868dbe>:0 
  at unify_builder.Program.Main (System.String[] args) [0x0121c] in <d55019557b4d40fcb0bf157239868dbe>:0 

[2021-11-28 19:49:19]	[done]
	build successfully !

[2021-11-29 16:32:56]	[done]
	build successfully !

[2021-11-29 16:35:42]	[done]
	build successfully !

[2021-11-29 19:39:15]	[done]
	build successfully !

[2021-11-29 19:39:39]	[done]
	build successfully !

[2021-11-29 19:45:59]	[done]
	build successfully !

[2021-11-29 19:46:16]	[done]
	build successfully !

[2021-11-29 19:52:09]	[done]
	build successfully !

[2021-11-29 19:53:25]	[done]
	build successfully !

[2021-11-29 21:36:00]	compilation failed at : "c:\Users\Jason\Desktop\Engineering\WuhuTakeOff\SDK\V4_FreeRTOS-F411\Drivers\Hardware\src\gy-86.c", exit code: 1
  at unify_builder.Program.compileByMulThread (System.Int32 thrNum, unify_builder.CmdGenerator+CmdInfo[] cmds, System.Collections.Generic.List`1[T] doneList) [0x000e4] in <d55019557b4d40fcb0bf157239868dbe>:0 
  at unify_builder.Program.Main (System.String[] args) [0x0121c] in <d55019557b4d40fcb0bf157239868dbe>:0 

[2021-11-29 21:36:31]	[done]
	build successfully !

[2021-11-29 21:55:53]	[done]
	build successfully !

